\BOOKMARK [0][-]{chapter*.4}{\376\377\000A\000c\000k\000n\000o\000w\000l\000e\000d\000g\000m\000e\000n\000t\000s}{}% 1
\BOOKMARK [0][-]{chapter*.5}{\376\377\000D\000e\000c\000l\000a\000r\000a\000t\000i\000o\000n}{}% 2
\BOOKMARK [0][-]{chapter*.6}{\376\377\000A\000b\000s\000t\000r\000a\000c\000t}{}% 3
\BOOKMARK [0][-]{chapter*.7}{\376\377\000L\000i\000s\000t\000\040\000o\000f\000\040\000a\000b\000b\000r\000e\000v\000i\000a\000t\000i\000o\000n\000s}{}% 4
\BOOKMARK [0][-]{chapter.1}{\376\377\000I\000n\000t\000r\000o\000d\000u\000c\000t\000i\000o\000n}{}% 5
\BOOKMARK [0][-]{chapter.2}{\376\377\000T\000h\000e\000o\000r\000e\000t\000i\000c\000a\000l\000\040\000B\000a\000c\000k\000g\000r\000o\000u\000n\000d}{}% 6
\BOOKMARK [1][-]{section.2.1}{\376\377\000C\000u\000r\000r\000e\000n\000t\000\040\000M\000e\000t\000h\000o\000d\000s\000\040\000f\000o\000r\000\040\000S\000p\000e\000r\000m\000\040\000A\000n\000a\000l\000y\000s\000i\000s}{chapter.2}% 7
\BOOKMARK [1][-]{section.2.2}{\376\377\000T\000h\000e\000\040\000c\000o\000l\000l\000a\000b\000o\000r\000a\000t\000i\000v\000e\000\040\000p\000r\000o\000j\000e\000c\000t}{chapter.2}% 8
\BOOKMARK [2][-]{subsection.2.2.1}{\376\377\000V\000i\000d\000e\000o\000\040\000D\000a\000t\000a\000s\000e\000t\000\040\000O\000v\000e\000r\000v\000i\000e\000w}{section.2.2}% 9
\BOOKMARK [2][-]{subsection.2.2.2}{\376\377\000T\000r\000a\000c\000k\000i\000n\000g\000\040\000S\000y\000s\000t\000e\000m\000\040\000O\000v\000e\000r\000v\000i\000e\000w}{section.2.2}% 10
\BOOKMARK [1][-]{section.2.3}{\376\377\000D\000e\000e\000p\000\040\000L\000e\000a\000r\000n\000i\000n\000g\000\040\000F\000u\000n\000d\000a\000m\000e\000n\000t\000a\000l\000s}{chapter.2}% 11
\BOOKMARK [2][-]{subsection.2.3.1}{\376\377\000I\000n\000t\000r\000o\000d\000u\000c\000t\000i\000o\000n\000\040\000t\000o\000\040\000N\000e\000u\000r\000a\000l\000\040\000N\000e\000t\000w\000o\000r\000k\000s}{section.2.3}% 12
\BOOKMARK [2][-]{subsection.2.3.2}{\376\377\000R\000e\000c\000u\000r\000r\000e\000n\000t\000\040\000N\000e\000u\000r\000a\000l\000\040\000N\000e\000t\000w\000o\000r\000k\000s}{section.2.3}% 13
\BOOKMARK [2][-]{subsection.2.3.3}{\376\377\000L\000o\000n\000g\000\040\000S\000h\000o\000r\000t\000-\000T\000e\000r\000m\000\040\000M\000e\000m\000o\000r\000y\000\040\000N\000e\000t\000w\000o\000r\000k\000s}{section.2.3}% 14
\BOOKMARK [2][-]{subsection.2.3.4}{\376\377\000C\000o\000n\000v\000o\000l\000u\000t\000i\000o\000n\000a\000l\000\040\000N\000e\000u\000r\000a\000l\000\040\000N\000e\000t\000w\000o\000r\000k\000s}{section.2.3}% 15
\BOOKMARK [1][-]{section.2.4}{\376\377\000E\000x\000p\000l\000a\000i\000n\000a\000b\000l\000e\000\040\000A\000I\000\040\000a\000n\000d\000\040\000I\000n\000t\000e\000r\000p\000r\000e\000t\000a\000b\000i\000l\000i\000t\000y}{chapter.2}% 16
\BOOKMARK [2][-]{subsection.2.4.1}{\376\377\000E\000x\000p\000l\000a\000n\000a\000t\000i\000o\000n\000\040\000M\000e\000t\000h\000o\000d\000s\000\040\000f\000o\000r\000\040\000C\000o\000n\000v\000o\000l\000u\000t\000i\000o\000n\000a\000l\000\040\000N\000e\000u\000r\000a\000l\000\040\000N\000e\000t\000w\000o\000r\000k\000s}{section.2.4}% 17
\BOOKMARK [2][-]{subsection.2.4.2}{\376\377\000G\000r\000a\000d\000-\000C\000A\000M}{section.2.4}% 18
\BOOKMARK [2][-]{subsection.2.4.3}{\376\377\000H\000i\000R\000e\000s\000C\000A\000M}{section.2.4}% 19
\BOOKMARK [2][-]{subsection.2.4.4}{\376\377\000R\000e\000s\000p\000o\000n\000d\000-\000C\000A\000M}{section.2.4}% 20
\BOOKMARK [1][-]{section.2.5}{\376\377\000O\000p\000e\000n\000C\000V\000\040\000f\000o\000r\000\040\000I\000m\000a\000g\000e\000\040\000a\000n\000d\000\040\000V\000i\000d\000e\000o\000\040\000P\000r\000o\000c\000e\000s\000s\000i\000n\000g}{chapter.2}% 21
\BOOKMARK [2][-]{subsection.2.5.1}{\376\377\000T\000h\000r\000e\000s\000h\000o\000l\000d\000i\000n\000g\000\040\000a\000n\000d\000\040\000S\000e\000g\000m\000e\000n\000t\000a\000t\000i\000o\000n}{section.2.5}% 22
\BOOKMARK [2][-]{subsection.2.5.2}{\376\377\000I\000m\000a\000g\000e\000\040\000R\000o\000t\000a\000t\000i\000o\000n}{section.2.5}% 23
\BOOKMARK [0][-]{chapter.3}{\376\377\000P\000r\000a\000c\000t\000i\000c\000a\000l\000\040\000I\000m\000p\000l\000e\000m\000e\000n\000t\000a\000t\000i\000o\000n\000\040\000a\000n\000d\000\040\000E\000x\000p\000e\000r\000i\000m\000e\000n\000t\000s}{}% 24
\BOOKMARK [1][-]{section.3.1}{\376\377\000P\000o\000s\000i\000t\000i\000o\000n\000-\000B\000a\000s\000e\000d\000\040\000P\000a\000t\000h\000\040\000F\000o\000r\000e\000c\000a\000s\000t\000i\000n\000g}{chapter.3}% 25
\BOOKMARK [2][-]{subsection.3.1.1}{\376\377\000D\000a\000t\000a\000s\000e\000t\000\040\000P\000r\000e\000p\000a\000r\000a\000t\000i\000o\000n}{section.3.1}% 26
\BOOKMARK [2][-]{subsection.3.1.2}{\376\377\000M\000o\000d\000e\000l\000\040\000D\000e\000v\000e\000l\000o\000p\000m\000e\000n\000t}{section.3.1}% 27
\BOOKMARK [1][-]{section.3.2}{\376\377\000E\000x\000p\000l\000o\000r\000a\000t\000i\000o\000n\000\040\000w\000i\000t\000h\000\040\000n\000o\000n\000-\000P\000o\000s\000i\000t\000i\000o\000n\000-\000B\000a\000s\000e\000d\000\040\000F\000e\000a\000t\000u\000r\000e\000s}{chapter.3}% 28
\BOOKMARK [2][-]{subsection.3.2.1}{\376\377\000I\000s\000o\000l\000a\000t\000i\000n\000g\000\040\000I\000n\000d\000i\000v\000i\000d\000u\000a\000l\000\040\000S\000p\000e\000r\000m\000\040\000C\000e\000l\000l\000s}{section.3.2}% 29
\BOOKMARK [1][-]{section.3.3}{\376\377\000I\000m\000a\000g\000e\000-\000B\000a\000s\000e\000d\000\040\000F\000e\000a\000t\000u\000r\000e\000s}{chapter.3}% 30
\BOOKMARK [2][-]{subsection.3.3.1}{\376\377\000T\000h\000e\000\040\000D\000i\000r\000e\000c\000t\000i\000o\000n\000\040\000o\000f\000\040\000S\000p\000e\000r\000m\000\040\000C\000e\000l\000l\000s}{section.3.3}% 31
\BOOKMARK [2][-]{subsection.3.3.2}{\376\377\000C\000l\000a\000s\000s\000i\000f\000i\000c\000a\000t\000i\000o\000n\000\040\000o\000f\000\040\000S\000p\000e\000r\000m\000\040\000C\000e\000l\000l\000\040\000D\000i\000r\000e\000c\000t\000i\000o\000n}{section.3.3}% 32
\BOOKMARK [1][-]{section.3.4}{\376\377\000V\000i\000d\000e\000o\000-\000B\000a\000s\000e\000d\000\040\000F\000e\000a\000t\000u\000r\000e\000s}{chapter.3}% 33
\BOOKMARK [2][-]{subsection.3.4.1}{\376\377\000O\000b\000j\000e\000c\000t\000i\000v\000e\000\040\000D\000e\000f\000i\000n\000i\000t\000i\000o\000n\000:\000\040\000P\000r\000e\000d\000i\000c\000t\000i\000n\000g\000\040\000S\000p\000e\000r\000m\000\040\000C\000e\000l\000l\000\040\000R\000o\000t\000a\000t\000i\000o\000n}{section.3.4}% 34
\BOOKMARK [0][-]{chapter.4}{\376\377\000R\000e\000s\000u\000l\000t\000s\000\040\000a\000n\000d\000\040\000E\000v\000a\000l\000u\000t\000i\000o\000n}{}% 35
\BOOKMARK [1][-]{section.4.1}{\376\377\000P\000a\000t\000h\000\040\000P\000r\000e\000d\000i\000c\000t\000i\000o\000n\000\040\000w\000i\000t\000h\000\040\000L\000S\000T\000M}{chapter.4}% 36
\BOOKMARK [1][-]{section.4.2}{\376\377\000P\000r\000e\000d\000i\000c\000t\000i\000n\000g\000\040\000D\000i\000r\000e\000c\000t\000i\000o\000n\000\040\000f\000r\000o\000m\000\040\000I\000m\000a\000g\000e\000\040\000D\000a\000t\000a}{chapter.4}% 37
\BOOKMARK [2][-]{subsection.4.2.1}{\376\377\000E\000x\000p\000l\000a\000i\000n\000i\000n\000g\000\040\000t\000h\000e\000\040\000M\000o\000d\000e\000l\000'\000s\000\040\000P\000r\000e\000d\000i\000c\000t\000i\000o\000n\000s}{section.4.2}% 38
\BOOKMARK [1][-]{section.4.3}{\376\377\000P\000r\000e\000d\000i\000c\000t\000i\000n\000g\000\040\000R\000o\000t\000a\000t\000i\000o\000n\000\040\000f\000r\000o\000m\000\040\000V\000i\000d\000e\000o\000\040\000D\000a\000t\000a}{chapter.4}% 39
\BOOKMARK [0][-]{chapter.5}{\376\377\000C\000o\000n\000c\000l\000u\000s\000i\000o\000n}{}% 40
\BOOKMARK [0][-]{appendix*.34}{\376\377\000M\000e\000d\000i\000u\000m\000\040\000A\000t\000t\000a\000c\000h\000m\000e\000n\000t}{}% 41
